[2024-04-11 21:44:58 TRACE ore::foreman] registering Fea1P4Duuds2fm5bcgo6wVUjwdZdvKEw6uYFPTZW4fFE
[2024-04-11 21:45:24 CRITICAL ore::miner] found hash 1113ZkhFq6kW for tunnel 0
[2024-04-11 21:45:24 TRACE ore::sender] received send job: 1113ZkhFq6kWwn7Xxd1X34QRx5Kqqv7VGEnrJWBvUp7
[2024-04-11 21:45:25 TRACE ore::foreman] registered miner Fea1P4Duuds2fm5bcgo6wVUjwdZdvKEw6uYFPTZW4fFE
[2024-04-11 21:45:25 TRACE ore::foreman] topping up G3DB91UyoMJuUadQVuT1S3YsnY8Rf3S8D26dWA42Figr
[2024-04-11 21:45:36 CRITICAL ore::miner] found hash 111Ka1SH8nSj for tunnel 1
[2024-04-11 21:45:36 TRACE ore::sender] received send job: 111Ka1SH8nSjezjzVXj69Q2qTeXiMfXj3BHtgjbwYS
[2024-04-11 21:46:04 TRACE ore::foreman] topped up G3DB91UyoMJuUadQVuT1S3YsnY8Rf3S8D26dWA42Figr
[2024-04-11 21:46:04 TRACE ore::foreman] registering G3DB91UyoMJuUadQVuT1S3YsnY8Rf3S8D26dWA42Figr
[2024-04-11 21:46:35 TRACE ore::foreman] registered miner G3DB91UyoMJuUadQVuT1S3YsnY8Rf3S8D26dWA42Figr
[2024-04-11 21:46:35 TRACE ore::foreman] topping up BGruM2uGnDRMBtkKcV8ZYtL1QKFyCd2i3LszgAw3Sh7X
[2024-04-11 21:50:56 CRITICAL ore::miner] found hash 1113ZkhFq6kW for tunnel 0
[2024-04-11 21:50:56 TRACE ore::sender] received send job: 1113ZkhFq6kWwn7Xxd1X34QRx5Kqqv7VGEnrJWBvUp7
[2024-04-11 21:51:08 CRITICAL ore::miner] found hash 111Ka1SH8nSj for tunnel 1
[2024-04-11 21:51:08 TRACE ore::sender] received send job: 111Ka1SH8nSjezjzVXj69Q2qTeXiMfXj3BHtgjbwYS
[2024-04-11 21:52:11 CRITICAL ore::miner] found hash 111dyE3XRrtK for tunnel 3
[2024-04-11 21:52:11 TRACE ore::sender] received send job: 111dyE3XRrtKPgDkdn5Gab8ajAJ8RU5MueRXCuNvtb
[2024-04-11 21:52:20 CRITICAL ore::miner] found hash 1112wD6jW8Rk for tunnel 2
[2024-04-11 21:55:13 CRITICAL ore::miner] found hash 1113ZkhFq6kW for tunnel 0
[2024-04-11 21:55:13 TRACE ore::sender] received send job: 1113ZkhFq6kWwn7Xxd1X34QRx5Kqqv7VGEnrJWBvUp7
[2024-04-11 21:55:26 CRITICAL ore::miner] found hash 111Ka1SH8nSj for tunnel 1
[2024-04-11 21:55:26 TRACE ore::sender] received send job: 111Ka1SH8nSjezjzVXj69Q2qTeXiMfXj3BHtgjbwYS
[2024-04-11 21:55:26 TRACE ore::sender] building bundle...
[2024-04-11 21:57:38 CRITICAL ore::miner] found hash 1113ZkhFq6kW for tunnel 0
[2024-04-11 21:57:38 TRACE ore::sender] received send job: 1113ZkhFq6kWwn7Xxd1X34QRx5Kqqv7VGEnrJWBvUp7
[2024-04-11 21:57:51 CRITICAL ore::miner] found hash 111Ka1SH8nSj for tunnel 1
[2024-04-11 21:57:51 TRACE ore::sender] received send job: 111Ka1SH8nSjezjzVXj69Q2qTeXiMfXj3BHtgjbwYS
[2024-04-11 21:57:51 TRACE ore::sender] building bundle...
[2024-04-11 21:57:51 TRACE ore::sender] bundle: [Transaction { signatures: [21BBoDVnoGr5ZKnKpQNVQHwWMPdsMNd7bKTd7H87obrxrn142asee1fbaQMkPaYnrnbtpqPJz9W6hfj8C4WUTDKY, 4vpG9UJPAemebBoungyrn4HDFLw8pZCNeQbhQhr48Vm5QLvEYXQfpLBYSMyusDjA5utK2RJJepQTH4NHJTVBiw9H, 4Rm8yxVQzfJyk4eW1bqbs1xFVvT5QxDoMxGxmxNptRv6FMHR9cEs7c7E6cjB79RhQa6QmaC668TiUGCfvcAR7k8K], message: Message { header: MessageHeader { num_required_signatures: 3, num_readonly_signed_accounts: 0, num_readonly_unsigned_accounts: 5 }, account_keys: [HBUh9g46wk2X89CvaNN15UmsznP59rh6od1h8JwYAopk, 5YuT81CnJoW7Z27V4s73Zm3EKrBJFPNodbHBNjziz57G, DcqbsqMcj3r1N4mn1ySQzNTG3HCKa8295ofnDSHXbS2m, 6jg71eXwnimz7biofixfWC7s5EZSxC69okvG3A7sKEYi, ADuUkR4vqLUMWXxW9gh6D6L8pMSawimctcNZ5pGwDcEt, EpcfjBs8eQ4unSMdowxyTE8K3vVJ3XUnEr5BEWvSX7RB, GS9baoSsVVaufdNWW123Tp4vTqogMjnWKo1NKTKxjBMt, 11111111111111111111111111111111, ComputeBudget111111111111111111111111111111, SysvarS1otHashes111111111111111111111111111, mineRHF5r6S7HyD9SppBfVMXMavDkJsxwGesEvxZr2A, FTap9fv2GPpWGqrLj3o4c9nHH7p36ih7NbSWHnrkQYqa], recent_blockhash: GcoUwWxrmd3GJdNZCo4mzknLEjgkXCZGsFEps3cArhNF, instructions: [CompiledInstruction { program_id_index: 8, accounts: [], data: [2, 64, 31, 0, 0] }, CompiledInstruction { program_id_index: 8, accounts: [], data: [3, 64, 66, 15, 0, 0, 0, 0, 0] }, CompiledInstruction { program_id_index: 10, accounts: [1, 5, 6, 11, 9], data: [2, 0, 0, 0, 56, 126, 196, 189, 90, 122, 138, 48, 192, 1, 67, 1, 41, 69, 100, 143, 111, 149, 91, 184, 174, 219, 115, 79, 153, 44, 202, 53, 64, 75, 253, 1, 2, 0, 0, 0, 0] }, CompiledInstruction { program_id_index: 10, accounts: [2, 5, 3, 11, 9], data: [2, 0, 0, 0, 7, 13, 104, 133, 142, 199, 204, 45, 86, 66, 50, 9, 16, 209, 92, 30, 247, 238, 28, 42, 248, 147, 217, 174, 200, 194, 17, 210, 199, 230, 249, 250, 2, 0, 0, 0, 0] }, CompiledInstruction { program_id_index: 7, accounts: [0, 4], data: [2, 0, 0, 0, 160, 134, 1, 0, 0, 0, 0, 0] }] } }]
[2024-04-11 21:57:51 TRACE ore::sender] sending...
[2024-04-11 21:57:51 TRACE ore::sender] Response... Response { url: Url { scheme: "https", cannot_be_a_base: false, username: "", password: None, host: Some(Domain("mainnet.block-engine.jito.wtf")), port: None, path: "/api/v1/bundles", query: None, fragment: None }, status: 200, headers: {"content-type": "application/json", "content-length": "102", "vary": "origin, access-control-request-method, access-control-request-headers", "access-control-allow-origin": "*", "date": "Thu, 11 Apr 2024 21:57:51 GMT", "x-envoy-upstream-service-time": "3", "server": "jito-block-engine"} }
[2024-04-11 21:57:51 CRITICAL ore::sender] submitted bundle "9fc0c90dd3084f5793abd70c98adc33c0cf8ef55dff72129ea78415cabf9ec16"
[2024-04-11 21:58:54 CRITICAL ore::miner] found hash 111dyE3XRrtK for tunnel 3
[2024-04-11 21:58:54 TRACE ore::sender] received send job: 111dyE3XRrtKPgDkdn5Gab8ajAJ8RU5MueRXCuNvtb
[2024-04-11 21:58:54 TRACE ore::sender] building bundle...
[2024-04-11 21:58:54 TRACE ore::sender] bundle: [Transaction { signatures: [3BbqYrPBadc4kANnAmyiee5UQ3DmyQViFzYUJMbqtwf2Pc9Gy8wWasQtsPSKtMTYDuvGMLeJx3xwFmGoqTATqoQQ, 3zc5SUbEDMwHzbB3nMYDx6fYCt5fWyCZKkgJ5Chm5v817oAuYPMis1ahjcU5dwz1zSJzuzhBh7SfdEn7WxJ2UQMQ, 4cGf5d6FZQsRdQQxHPt7uQbQKci5ht3EsncyEH6Mdepb2sFuEuMD2kJFJ64KfwqzUUf7HuAryN39ZopeCREQCwfG], message: Message { header: MessageHeader { num_required_signatures: 3, num_readonly_signed_accounts: 0, num_readonly_unsigned_accounts: 5 }, account_keys: [HBUh9g46wk2X89CvaNN15UmsznP59rh6od1h8JwYAopk, 5YuT81CnJoW7Z27V4s73Zm3EKrBJFPNodbHBNjziz57G, DcqbsqMcj3r1N4mn1ySQzNTG3HCKa8295ofnDSHXbS2m, 4Cq8685h9GwsaD5ppPsrtfcsk3fum8f9UP4SPpKSbj2B, 6jg71eXwnimz7biofixfWC7s5EZSxC69okvG3A7sKEYi, GS9baoSsVVaufdNWW123Tp4vTqogMjnWKo1NKTKxjBMt, HFqU5x63VTqvQss8hp11i4wVV8bD44PvwucfZ2bU7gRe, 11111111111111111111111111111111, ComputeBudget111111111111111111111111111111, SysvarS1otHashes111111111111111111111111111, mineRHF5r6S7HyD9SppBfVMXMavDkJsxwGesEvxZr2A, FTap9fv2GPpWGqrLj3o4c9nHH7p36ih7NbSWHnrkQYqa], recent_blockhash: 8BoqdPMbAzhBNrYWDZNWGsrNbALKzwq1wMPhvec31vpG, instructions: [CompiledInstruction { program_id_index: 8, accounts: [], data: [2, 64, 31, 0, 0] }, CompiledInstruction { program_id_index: 8, accounts: [], data: [3, 64, 66, 15, 0, 0, 0, 0, 0] }, CompiledInstruction { program_id_index: 10, accounts: [1, 3, 5, 11, 9], data: [2, 0, 0, 0, 56, 126, 196, 189, 90, 122, 138, 48, 192, 1, 67, 1, 41, 69, 100, 143, 111, 149, 91, 184, 174, 219, 115, 79, 153, 44, 202, 53, 64, 75, 253, 1, 2, 0, 0, 0, 0] }, CompiledInstruction { program_id_index: 10, accounts: [2, 3, 4, 11, 9], data: [2, 0, 0, 0, 7, 13, 104, 133, 142, 199, 204, 45, 86, 66, 50, 9, 16, 209, 92, 30, 247, 238, 28, 42, 248, 147, 217, 174, 200, 194, 17, 210, 199, 230, 249, 250, 2, 0, 0, 0, 0] }, CompiledInstruction { program_id_index: 7, accounts: [0, 6], data: [2, 0, 0, 0, 160, 134, 1, 0, 0, 0, 0, 0] }] } }, Transaction { signatures: [4RiRYtqcCuLu9CrC7nRPrHKTnrYLWV8i2GNzkhVYCiuHW131F1V5gUYYVPDffYg1e2PWg2fhb2zHBuLjCN52esNd, oD9oxBh3K191LofJcMuravQW98rjhYGRi4DCWDmTXZYePiRCsf4RUgydf9pXKoxDAAPc9umLXUsHiCq4KWzCXLS], message: Message { header: MessageHeader { num_required_signatures: 2, num_readonly_signed_accounts: 0, num_readonly_unsigned_accounts: 4 }, account_keys: [HBUh9g46wk2X89CvaNN15UmsznP59rh6od1h8JwYAopk, G3DB91UyoMJuUadQVuT1S3YsnY8Rf3S8D26dWA42Figr, EpcfjBs8eQ4unSMdowxyTE8K3vVJ3XUnEr5BEWvSX7RB, HSkvuZgv29STpWvSoSqBM1qVP9FcoyuJmAFDuQeGL2Dr, ComputeBudget111111111111111111111111111111, SysvarS1otHashes111111111111111111111111111, mineRHF5r6S7HyD9SppBfVMXMavDkJsxwGesEvxZr2A, FTap9fv2GPpWGqrLj3o4c9nHH7p36ih7NbSWHnrkQYqa], recent_blockhash: 8BoqdPMbAzhBNrYWDZNWGsrNbALKzwq1wMPhvec31vpG, instructions: [CompiledInstruction { program_id_index: 4, accounts: [], data: [2, 64, 31, 0, 0] }, CompiledInstruction { program_id_index: 4, accounts: [], data: [3, 64, 66, 15, 0, 0, 0, 0, 0] }, CompiledInstruction { program_id_index: 6, accounts: [1, 2, 3, 7, 5], data: [2, 0, 0, 0, 14, 10, 103, 185, 167, 158, 51, 159, 236, 32, 165, 24, 138, 55, 54, 27, 161, 200, 47, 25, 84, 206, 75, 232, 254, 209, 220, 163, 12, 25, 163, 243, 7, 0, 0, 0, 0] }] } }]
[2024-04-11 21:58:54 TRACE ore::sender] sending...
[2024-04-11 21:58:54 TRACE ore::sender] Response... Response { url: Url { scheme: "https", cannot_be_a_base: false, username: "", password: None, host: Some(Domain("mainnet.block-engine.jito.wtf")), port: None, path: "/api/v1/bundles", query: None, fragment: None }, status: 200, headers: {"content-type": "application/json", "content-length": "102", "vary": "origin, access-control-request-method, access-control-request-headers", "access-control-allow-origin": "*", "date": "Thu, 11 Apr 2024 21:58:53 GMT", "x-envoy-upstream-service-time": "1", "server": "jito-block-engine"} }
[2024-04-11 21:58:54 CRITICAL ore::sender] submitted bundle "8cf29c207596dd8258897f1df32d4b3e60d8fd77c7cf0f4c077473cccd8bd1ab"
[2024-04-11 21:59:03 CRITICAL ore::miner] found hash 1112wD6jW8Rk for tunnel 2
[2024-04-11 21:59:03 TRACE ore::sender] received send job: 1112wD6jW8RknnMqmnA9eWxGHbcr15gnV7Qn5GntvfS
[2024-04-11 21:59:03 TRACE ore::sender] building bundle...
[2024-04-11 21:59:03 TRACE ore::sender] bundle: [Transaction { signatures: [4TCi5kikPNj5BivJeZy745L1e9zPXcLACRwBCArpM457fYx6ir9R2VrJtk72rtvpyg5DPZWEXAQwApuR5ryG4umU, 4sXzk8q6SjWeCUq3HHmQu1TSBMUk6JuMizSt75DeFoDrUPjTK4HxnnJTJhgKKRjEa2dQA53LPsrhLG8BiBkG6gzH, 4LyiJnqaomaUT3GGfwwPr3GVuk34bide2CKnZubWgZsv8PkJsoGRuxhLZevdpSrqXZbTbMYZGhBRFCHinE8Fkmzs], message: Message { header: MessageHeader { num_required_signatures: 3, num_readonly_signed_accounts: 0, num_readonly_unsigned_accounts: 5 }, account_keys: [HBUh9g46wk2X89CvaNN15UmsznP59rh6od1h8JwYAopk, 5YuT81CnJoW7Z27V4s73Zm3EKrBJFPNodbHBNjziz57G, DcqbsqMcj3r1N4mn1ySQzNTG3HCKa8295ofnDSHXbS2m, 4Cq8685h9GwsaD5ppPsrtfcsk3fum8f9UP4SPpKSbj2B, 6jg71eXwnimz7biofixfWC7s5EZSxC69okvG3A7sKEYi, DttWaMuVvTiduZRnguLF7jNxTgiMBZ1hyAumKUiL2KRL, GS9baoSsVVaufdNWW123Tp4vTqogMjnWKo1NKTKxjBMt, 11111111111111111111111111111111, ComputeBudget111111111111111111111111111111, SysvarS1otHashes111111111111111111111111111, mineRHF5r6S7HyD9SppBfVMXMavDkJsxwGesEvxZr2A, FTap9fv2GPpWGqrLj3o4c9nHH7p36ih7NbSWHnrkQYqa], recent_blockhash: 8BoqdPMbAzhBNrYWDZNWGsrNbALKzwq1wMPhvec31vpG, instructions: [CompiledInstruction { program_id_index: 8, accounts: [], data: [2, 64, 31, 0, 0] }, CompiledInstruction { program_id_index: 8, accounts: [], data: [3, 64, 66, 15, 0, 0, 0, 0, 0] }, CompiledInstruction { program_id_index: 10, accounts: [1, 3, 6, 11, 9], data: [2, 0, 0, 0, 56, 126, 196, 189, 90, 122, 138, 48, 192, 1, 67, 1, 41, 69, 100, 143, 111, 149, 91, 184, 174, 219, 115, 79, 153, 44, 202, 53, 64, 75, 253, 1, 2, 0, 0, 0, 0] }, CompiledInstruction { program_id_index: 10, accounts: [2, 3, 4, 11, 9], data: [2, 0, 0, 0, 7, 13, 104, 133, 142, 199, 204, 45, 86, 66, 50, 9, 16, 209, 92, 30, 247, 238, 28, 42, 248, 147, 217, 174, 200, 194, 17, 210, 199, 230, 249, 250, 2, 0, 0, 0, 0] }, CompiledInstruction { program_id_index: 7, accounts: [0, 5], data: [2, 0, 0, 0, 160, 134, 1, 0, 0, 0, 0, 0] }] } }, Transaction { signatures: [2TMRZEzo1gYPQPZysprAmHqkiJ1pHVKpxNAz1tvNK4KTxmdANqZ9d9t7nDcK11GUEmJLk99gLtrEP6vm1Jr6CGgt, 3kGBJLCf3pNJLTjMxx2QanFnYVhiAqA1Sz7n11QsJzArctzCZUVcdZ4dkimZ8UHDnAuSAwyJNTT3MXUEZtNsQ6D4, 2dPHXXG6bvucBnESYmzykABGML1P4NmTJrM7RqH8J33kAod6Wg3xAkEnc53nTUyFoL4i5BRQwGYcQjf56iWw7H3W], message: Message { header: MessageHeader { num_required_signatures: 3, num_readonly_signed_accounts: 0, num_readonly_unsigned_accounts: 4 }, account_keys: [HBUh9g46wk2X89CvaNN15UmsznP59rh6od1h8JwYAopk, Fea1P4Duuds2fm5bcgo6wVUjwdZdvKEw6uYFPTZW4fFE, G3DB91UyoMJuUadQVuT1S3YsnY8Rf3S8D26dWA42Figr, AJyoCCQmVn3nDpVtF388hTf5jZTQuwvN7SZFk1MRAPoK, HSkvuZgv29STpWvSoSqBM1qVP9FcoyuJmAFDuQeGL2Dr, JBdVURCrUiHp4kr7srYtXbB7B4CwurUt1Bfxrxw6EoRY, ComputeBudget111111111111111111111111111111, SysvarS1otHashes111111111111111111111111111, mineRHF5r6S7HyD9SppBfVMXMavDkJsxwGesEvxZr2A, FTap9fv2GPpWGqrLj3o4c9nHH7p36ih7NbSWHnrkQYqa], recent_blockhash: 8BoqdPMbAzhBNrYWDZNWGsrNbALKzwq1wMPhvec31vpG, instructions: [CompiledInstruction { program_id_index: 6, accounts: [], data: [2, 64, 31, 0, 0] }, CompiledInstruction { program_id_index: 6, accounts: [], data: [3, 64, 66, 15, 0, 0, 0, 0, 0] }, CompiledInstruction { program_id_index: 8, accounts: [2, 5, 4, 9, 7], data: [2, 0, 0, 0, 14, 10, 103, 185, 167, 158, 51, 159, 236, 32, 165, 24, 138, 55, 54, 27, 161, 200, 47, 25, 84, 206, 75, 232, 254, 209, 220, 163, 12, 25, 163, 243, 7, 0, 0, 0, 0] }, CompiledInstruction { program_id_index: 8, accounts: [1, 5, 3, 9, 7], data: [2, 0, 0, 0, 42, 157, 166, 136, 93, 109, 39, 50, 206, 71, 175, 3, 222, 114, 66, 172, 127, 181, 144, 159, 178, 69, 193, 238, 135, 51, 174, 115, 209, 101, 248, 160, 8, 0, 0, 0, 0] }] } }]
[2024-04-11 21:59:03 TRACE ore::sender] sending...
[2024-04-11 21:59:03 TRACE ore::sender] Response... Response { url: Url { scheme: "https", cannot_be_a_base: false, username: "", password: None, host: Some(Domain("mainnet.block-engine.jito.wtf")), port: None, path: "/api/v1/bundles", query: None, fragment: None }, status: 200, headers: {"content-type": "application/json", "content-length": "102", "vary": "origin, access-control-request-method, access-control-request-headers", "access-control-allow-origin": "*", "date": "Thu, 11 Apr 2024 21:59:03 GMT", "x-envoy-upstream-service-time": "1", "server": "jito-block-engine"} }
[2024-04-11 21:59:03 CRITICAL ore::sender] submitted bundle "79b6e51cee49c942606fe5baf2a800c090e6edea3559745753959c249eeaf080"
[2024-04-11 22:04:58 CRITICAL ore::miner] found hash 1113ZkhFq6kW for tunnel 0
[2024-04-11 22:04:58 TRACE ore::sender] received send job: 1113ZkhFq6kWwn7Xxd1X34QRx5Kqqv7VGEnrJWBvUp7
[2024-04-11 22:05:10 CRITICAL ore::miner] found hash 111Ka1SH8nSj for tunnel 1
[2024-04-11 22:05:10 TRACE ore::sender] received send job: 111Ka1SH8nSjezjzVXj69Q2qTeXiMfXj3BHtgjbwYS
[2024-04-11 22:05:10 TRACE ore::sender] sending...
[2024-04-11 22:05:11 TRACE ore::sender] Response... Response { url: Url { scheme: "https", cannot_be_a_base: false, username: "", password: None, host: Some(Domain("mainnet.block-engine.jito.wtf")), port: None, path: "/api/v1/bundles", query: None, fragment: None }, status: 200, headers: {"content-type": "application/json", "content-length": "102", "vary": "origin, access-control-request-method, access-control-request-headers", "access-control-allow-origin": "*", "date": "Thu, 11 Apr 2024 22:05:10 GMT", "x-envoy-upstream-service-time": "1", "server": "jito-block-engine"} }
[2024-04-11 22:05:11 CRITICAL ore::sender] submitted bundle "1e0e66afb629f8ff11d5bc0840a805d6a318aa0ee7a0f8edcef806146431fa87"
[2024-04-11 22:06:14 CRITICAL ore::miner] found hash 111dyE3XRrtK for tunnel 3
[2024-04-11 22:06:14 TRACE ore::sender] received send job: 111dyE3XRrtKPgDkdn5Gab8ajAJ8RU5MueRXCuNvtb
[2024-04-11 22:06:14 TRACE ore::sender] sending...
[2024-04-11 22:06:14 TRACE ore::sender] Response... Response { url: Url { scheme: "https", cannot_be_a_base: false, username: "", password: None, host: Some(Domain("mainnet.block-engine.jito.wtf")), port: None, path: "/api/v1/bundles", query: None, fragment: None }, status: 200, headers: {"content-type": "application/json", "content-length": "102", "vary": "origin, access-control-request-method, access-control-request-headers", "access-control-allow-origin": "*", "date": "Thu, 11 Apr 2024 22:06:13 GMT", "x-envoy-upstream-service-time": "1", "server": "jito-block-engine"} }
[2024-04-11 22:06:14 CRITICAL ore::sender] submitted bundle "f8d4a14611f7ec49078fe52874a1b80ad8f1b025a21ea77df0408290907c5239"
[2024-04-11 22:06:22 CRITICAL ore::miner] found hash 1112wD6jW8Rk for tunnel 2
[2024-04-11 22:06:22 TRACE ore::sender] received send job: 1112wD6jW8RknnMqmnA9eWxGHbcr15gnV7Qn5GntvfS
[2024-04-11 22:06:22 TRACE ore::sender] sending...
[2024-04-11 22:06:22 TRACE ore::sender] Response... Response { url: Url { scheme: "https", cannot_be_a_base: false, username: "", password: None, host: Some(Domain("mainnet.block-engine.jito.wtf")), port: None, path: "/api/v1/bundles", query: None, fragment: None }, status: 200, headers: {"content-type": "application/json", "content-length": "102", "vary": "origin, access-control-request-method, access-control-request-headers", "access-control-allow-origin": "*", "date": "Thu, 11 Apr 2024 22:06:22 GMT", "x-envoy-upstream-service-time": "1", "server": "jito-block-engine"} }
[2024-04-11 22:06:22 CRITICAL ore::sender] submitted bundle "9d83b863b4488d45cf311eebab9ef3d89561e65eb7ec5dc3acfe0d53f878bec6"
[2024-04-11 22:13:01 CRITICAL ore::miner] found hash 1113ZkhFq6kW for tunnel 0
[2024-04-11 22:13:01 TRACE ore::sender] received send job: 1113ZkhFq6kWwn7Xxd1X34QRx5Kqqv7VGEnrJWBvUp7
[2024-04-11 22:13:14 CRITICAL ore::miner] found hash 111Ka1SH8nSj for tunnel 1
[2024-04-11 22:13:14 TRACE ore::sender] received send job: 111Ka1SH8nSjezjzVXj69Q2qTeXiMfXj3BHtgjbwYS
[2024-04-11 22:13:14 TRACE ore::sender] tx: 2BDiQ8UjLYmEvHhPXTJAZu84uX9CGnpKpvpH6LBsJBSnnGLiXwapSCxn24pM93Y99FP3HJZWAmWEkqaghMcnPETj
[2024-04-11 22:13:14 CRITICAL ore::sender] submitted bundle "8690b8e405024e710998926cd3eedc2693e12f25943fc97eac6400e255955fbe"
[2024-04-11 22:14:17 CRITICAL ore::miner] found hash 111dyE3XRrtK for tunnel 3
[2024-04-11 22:14:17 TRACE ore::sender] received send job: 111dyE3XRrtKPgDkdn5Gab8ajAJ8RU5MueRXCuNvtb
[2024-04-11 22:14:17 TRACE ore::sender] tx: 2Bmvy2i35mx88eHXL7jd8DBpohLFgb2ubKtJm2zVKYatUkb8SKjYC1sCompXdnJ1TwoXd3gCKQGfxgjtHzmQUpcN
[2024-04-11 22:14:17 TRACE ore::sender] tx: 4vtf8UMhZw1YCVnW48RPVE7vAejtAxzZoFLzTDQErRXE2x9KBfcH2WkWqaaEBb4RGTNGEiAihMTS9gZEXfEXszMr
[2024-04-11 22:14:17 CRITICAL ore::sender] submitted bundle "500cc0f46cbdc643e8e2c9d2d079347340fac7f53a6f94b4dfea72e939983143"
[2024-04-11 22:14:26 CRITICAL ore::miner] found hash 1112wD6jW8Rk for tunnel 2
[2024-04-11 22:14:26 TRACE ore::sender] received send job: 1112wD6jW8RknnMqmnA9eWxGHbcr15gnV7Qn5GntvfS
[2024-04-11 22:14:26 TRACE ore::sender] tx: 2YhiEBSR7TVyJKZuMWkRpxhbJELWy35u2SHmdqn9v9jEk77SFg1zBBqqgAEyMo2frtVjW8aUqgP3PvMQhbjf4vm4
[2024-04-11 22:14:26 TRACE ore::sender] tx: 3BfXkA4JM2hvwcYXTfSMW5s5t1XonV82tKTsEcbbH3R2uyBhQ1aQmrSZHAg45MrqFHst3Xhkp3RUNqxHFjy2Mpf
[2024-04-11 22:14:26 CRITICAL ore::sender] submitted bundle "0a565c24d19537051855625a1063b4129c7bc9ae979104fd1d7c0e683d93da84"
[2024-04-11 22:15:40 CRITICAL ore::miner] found hash 1113ZkhFq6kW for tunnel 0
[2024-04-11 22:15:40 TRACE ore::sender] received send job: 1113ZkhFq6kWwn7Xxd1X34QRx5Kqqv7VGEnrJWBvUp7
[2024-04-11 22:15:53 CRITICAL ore::miner] found hash 111Ka1SH8nSj for tunnel 1
[2024-04-11 22:15:53 TRACE ore::sender] received send job: 111Ka1SH8nSjezjzVXj69Q2qTeXiMfXj3BHtgjbwYS
[2024-04-11 22:15:53 TRACE ore::sender] tx: 5n45HjbKCcTGyy4Z8EnQWBgqmm8T9FRrzFFGzPJ7b3D31641LJvyiBBMq8zQYh9eau24sxP5qqEhWPPhM3HebCds
[2024-04-11 22:15:53 CRITICAL ore::sender] submitted bundle "c049707624e7268e195c6665e6aec8c50f3e8f21f7c0c73c66a5cf02a9338139"
[2024-04-11 22:16:56 CRITICAL ore::miner] found hash 111dyE3XRrtK for tunnel 3
[2024-04-11 22:16:56 TRACE ore::sender] received send job: 111dyE3XRrtKPgDkdn5Gab8ajAJ8RU5MueRXCuNvtb
[2024-04-11 22:16:56 TRACE ore::sender] tx: Z43h6m7DeQ1KX5Vkt4XMftbjR6EAvP2dXVPsa9K3pZQa9476NpfmtJakbuQZgFJuS4XCamsD2RafzDZMSRkaGyV
[2024-04-11 22:16:56 TRACE ore::sender] tx: 3MBJryF2m9EEf34HMcHkiZ2kmXNwiNDSfRiCUmgNdTVht1sCVifuJadNUxUyDVAFGZrFHA9ggS5LofgsbWks7xTy
[2024-04-11 22:16:56 CRITICAL ore::sender] submitted bundle "f382c7b2231a613d51779ea12bb7ebfbc38f3b39787f9f958c1250fe3888d44e"
[2024-04-11 22:17:05 CRITICAL ore::miner] found hash 1112wD6jW8Rk for tunnel 2
[2024-04-11 22:17:05 TRACE ore::sender] received send job: 1112wD6jW8RknnMqmnA9eWxGHbcr15gnV7Qn5GntvfS
[2024-04-11 22:17:05 TRACE ore::sender] tx: 4giiWS9dT9buZRrkxFwz6xLkMQM9mq6pXgxSwCo3XX1be1f2xU7AyV8d7GZ3mqp4H75DDhdn431F1hLZqQXFjyQ4
[2024-04-11 22:17:05 TRACE ore::sender] tx: 2VtrwLVTQo9HByacUhYEABXVxXnbFyjsDByjQKZ61rn6Fw489dabaXnbjXm9geufsDBk1NqApLp4AJuieSwmUGBv
[2024-04-11 22:17:05 CRITICAL ore::sender] submitted bundle "2badd9da2e73a2776bf3dc766bb19a788be3354369fb510e958c67a341873360"
